<?xml version="1.0" encoding="UTF-8"?>
<testng-results skipped="0" failed="0" ignored="0" total="1" passed="1">
  <reporter-output>
  </reporter-output>
  <suite name="Test_Suite" duration-ms="117" started-at="2020-08-08T12:40:03 IDT" finished-at="2020-08-08T12:40:03 IDT">
    <groups>
      <group name="SimpleTryPrint">
        <method signature="SimpleTestClass.TryPrint()[pri:0, instance:SimpleMavenJenkinsTest.SimpleMavenJenkinsTest.SimpleTestClass@39c0f4a]" name="TryPrint" class="SimpleMavenJenkinsTest.SimpleMavenJenkinsTest.SimpleTestClass"/>
      </group> <!-- SimpleTryPrint -->
    </groups>
    <test name="Test" duration-ms="117" started-at="2020-08-08T12:40:03 IDT" finished-at="2020-08-08T12:40:03 IDT">
      <class name="SimpleMavenJenkinsTest.SimpleMavenJenkinsTest.SimpleTestClass">
        <test-method status="PASS" signature="TryPrint()[pri:0, instance:SimpleMavenJenkinsTest.SimpleMavenJenkinsTest.SimpleTestClass@39c0f4a]" name="TryPrint" duration-ms="14" started-at="2020-08-08T12:40:03 IDT" finished-at="2020-08-08T12:40:03 IDT">
          <reporter-output>
          </reporter-output>
        </test-method> <!-- TryPrint -->
      </class> <!-- SimpleMavenJenkinsTest.SimpleMavenJenkinsTest.SimpleTestClass -->
    </test> <!-- Test -->
  </suite> <!-- Test_Suite -->
</testng-results>
